<?xml version="1.0" encoding="UTF-8"?>
<testng-results skipped="0" failed="0" ignored="0" total="1" passed="1">
  <reporter-output>
  </reporter-output>
  <suite name="BDD Test Suite" duration-ms="552" started-at="2020-04-03T02:49:37Z" finished-at="2020-04-03T02:49:38Z">
    <groups>
      <group name="cucumber">
        <method signature="TestRunner.feature(cucumber.api.testng.CucumberFeatureWrapper)[pri:0, instance:MyRunner.TestRunner@598067a5]" name="feature" class="MyRunner.TestRunner"/>
      </group> <!-- cucumber -->
    </groups>
    <test name="FREE CRM Test" duration-ms="552" started-at="2020-04-03T02:49:37Z" finished-at="2020-04-03T02:49:38Z">
      <class name="MyRunner.TestRunner">
        <test-method status="PASS" signature="setUpClass()[pri:0, instance:MyRunner.TestRunner@598067a5]" name="setUpClass" is-config="true" duration-ms="287" started-at="2020-04-03T02:49:37Z" finished-at="2020-04-03T02:49:38Z">
          <reporter-output>
          </reporter-output>
        </test-method> <!-- setUpClass -->
        <test-method status="PASS" signature="feature(cucumber.api.testng.CucumberFeatureWrapper)[pri:0, instance:MyRunner.TestRunner@598067a5]" name="feature" duration-ms="64" started-at="2020-04-03T02:49:38Z" description="Runs Cucumber Feature" data-provider="features" finished-at="2020-04-03T02:49:38Z">
          <params>
            <param index="0">
              <value>
                <![CDATA[Perform the popup testing]]>
              </value>
            </param>
          </params>
          <reporter-output>
          </reporter-output>
        </test-method> <!-- feature -->
        <test-method status="PASS" signature="tearDownClass()[pri:0, instance:MyRunner.TestRunner@598067a5]" name="tearDownClass" is-config="true" duration-ms="25" started-at="2020-04-03T02:49:38Z" finished-at="2020-04-03T02:49:38Z">
          <reporter-output>
          </reporter-output>
        </test-method> <!-- tearDownClass -->
      </class> <!-- MyRunner.TestRunner -->
    </test> <!-- FREE CRM Test -->
  </suite> <!-- BDD Test Suite -->
</testng-results>
