<?xml version="1.0" encoding="UTF-8"?>
<testng-results skipped="0" failed="0" ignored="0" total="1" passed="1">
  <reporter-output>
  </reporter-output>
  <suite name="Default suite" duration-ms="860" started-at="2020-09-01T21:05:13Z" finished-at="2020-09-01T21:05:14Z">
    <groups>
      <group name="cucumber">
        <method signature="TestRunner.feature(cucumber.api.testng.CucumberFeatureWrapper)[pri:0, instance:MyRunner.TestRunner@1460a8c0]" name="feature" class="MyRunner.TestRunner"/>
      </group> <!-- cucumber -->
    </groups>
    <test name="Default test" duration-ms="860" started-at="2020-09-01T21:05:13Z" finished-at="2020-09-01T21:05:14Z">
      <class name="MyRunner.TestRunner">
        <test-method status="PASS" signature="setUpClass()[pri:0, instance:MyRunner.TestRunner@1460a8c0]" name="setUpClass" is-config="true" duration-ms="537" started-at="2020-09-01T21:05:13Z" finished-at="2020-09-01T21:05:13Z">
          <reporter-output>
          </reporter-output>
        </test-method> <!-- setUpClass -->
        <test-method status="PASS" signature="feature(cucumber.api.testng.CucumberFeatureWrapper)[pri:0, instance:MyRunner.TestRunner@1460a8c0]" name="feature" duration-ms="44" started-at="2020-09-01T21:05:13Z" description="Runs Cucumber Feature" data-provider="features" finished-at="2020-09-01T21:05:14Z">
          <params>
            <param index="0">
              <value>
                <![CDATA[Perform the popup testing]]>
              </value>
            </param>
          </params>
          <reporter-output>
          </reporter-output>
        </test-method> <!-- feature -->
        <test-method status="PASS" signature="tearDownClass()[pri:0, instance:MyRunner.TestRunner@1460a8c0]" name="tearDownClass" is-config="true" duration-ms="41" started-at="2020-09-01T21:05:14Z" finished-at="2020-09-01T21:05:14Z">
          <reporter-output>
          </reporter-output>
        </test-method> <!-- tearDownClass -->
      </class> <!-- MyRunner.TestRunner -->
    </test> <!-- Default test -->
  </suite> <!-- Default suite -->
</testng-results>
